2023-07-25T21:31:15.037Z ::ffff:127.0.0.1 200 GET / HTTP/1.1
2023-07-25T21:32:02.661Z ::ffff:127.0.0.1 404 GET /api/v1/profile HTTP/1.1
2023-07-25T21:34:36.902Z ::1 200 GET / HTTP/1.1
2023-07-25T21:36:19.052Z ::1 404 POST /api/v1/register HTTP/1.1
2023-07-25T21:38:48.494Z ::1 404 POST /api/v1/register HTTP/1.1
2023-07-25T21:39:00.839Z ::1 404 POST /register HTTP/1.1
2023-07-25T21:40:17.848Z ::1 404 POST /register HTTP/1.1
2023-07-25T21:41:16.876Z ::1 404 POST /register/ HTTP/1.1
2023-07-25T21:44:02.075Z ::1 500 POST /register/ HTTP/1.1
2023-07-25T21:46:27.455Z ::1 500 POST /register/ HTTP/1.1
2023-07-25T21:47:28.407Z ::1 500 POST /register/ HTTP/1.1
2023-07-25T21:56:24.508Z ::1 500 POST /register/ HTTP/1.1
2023-07-25T21:58:50.024Z ::1 201 POST /register/ HTTP/1.1
2023-07-25T22:03:55.490Z ::1 404 POST /register/ HTTP/1.1
2023-07-25T22:06:36.091Z ::1 404 POST /register/ HTTP/1.1
2023-07-25T22:22:05.239Z ::1 404 POST /register/ HTTP/1.1
2023-07-25T22:22:34.769Z ::1 404 POST /register/ HTTP/1.1
2023-07-25T22:22:47.755Z ::1 404 POST /api/register/ HTTP/1.1
2023-07-25T22:26:41.792Z ::1 404 PUT /api/register/ HTTP/1.1
2023-07-25T22:26:56.708Z ::1 404 POST /api/register/ HTTP/1.1
2023-07-25T22:27:02.618Z ::1 404 POST /register/ HTTP/1.1
2023-07-25T22:28:52.070Z ::1 404 POST /register/ HTTP/1.1
2023-07-26T12:42:20.707Z ::1 404 POST /user/register/ HTTP/1.1
2023-07-26T12:42:37.618Z ::1 404 POST /user/ HTTP/1.1
2023-07-26T12:44:23.956Z ::1 404 POST /api/ HTTP/1.1
2023-07-26T12:44:55.550Z ::1 404 POST /register HTTP/1.1
2023-07-26T12:45:25.756Z ::1 400 POST /register HTTP/1.1
2023-07-26T12:46:16.193Z ::1 201 POST /register HTTP/1.1
2023-07-26T12:47:41.570Z ::1 500 POST /login HTTP/1.1
2023-07-26T12:51:15.349Z ::1 200 POST /login HTTP/1.1
2023-07-26T12:55:26.361Z ::1 404 POST /profile/:64c0459ac6d2f916b5b260aa HTTP/1.1
2023-07-26T12:55:38.330Z ::1 404 POST /profile HTTP/1.1
2023-07-26T12:55:50.368Z ::1 403 GET /profile HTTP/1.1
2023-07-26T12:56:14.837Z ::1 200 POST /login HTTP/1.1
2023-07-26T12:56:36.827Z ::1 403 GET /profile HTTP/1.1
2023-07-26T12:56:55.997Z ::1 404 GET /login HTTP/1.1
2023-07-26T12:57:03.707Z ::1 200 POST /login HTTP/1.1
2023-07-26T12:58:03.196Z ::1 200 POST /login HTTP/1.1
2023-07-26T12:58:35.953Z ::1 403 GET /profile HTTP/1.1
2023-07-26T12:59:54.157Z ::1 403 GET /profile HTTP/1.1
2023-07-26T13:00:04.642Z ::1 403 GET /profile HTTP/1.1
2023-07-26T13:01:57.824Z ::1 403 GET /profile HTTP/1.1
2023-07-26T13:02:36.666Z ::1 403 GET /profile HTTP/1.1
2023-07-26T13:04:20.629Z ::1 403 GET /profile HTTP/1.1
2023-07-26T13:13:02.694Z ::1 403 GET /profile HTTP/1.1
2023-07-26T13:22:08.196Z ::1 200 GET /profile HTTP/1.1
2023-07-26T13:23:06.186Z ::1 403 GET /profile HTTP/1.1
2023-07-26T13:23:37.382Z ::1 403 GET /profile HTTP/1.1
2023-07-26T13:25:55.208Z ::1 500 GET /profile HTTP/1.1
2023-07-26T13:26:20.229Z ::1 200 GET /profile HTTP/1.1
2023-07-26T13:27:46.678Z ::1 200 GET /profile HTTP/1.1
2023-07-26T13:28:23.894Z ::1 200 GET /profile HTTP/1.1
2023-07-26T13:31:00.825Z ::1 200 GET /profile HTTP/1.1
2023-07-26T13:31:38.002Z ::1 403 GET /profile HTTP/1.1
2023-07-26T13:32:12.098Z ::1 403 GET /profile HTTP/1.1
2023-07-26T13:38:09.082Z ::1 403 GET /profile HTTP/1.1
2023-07-26T13:40:58.372Z ::1 403 GET /profile HTTP/1.1
2023-07-26T13:42:42.711Z ::1 200 GET /profile HTTP/1.1
2023-07-26T13:43:20.901Z ::1 200 GET /profile HTTP/1.1
2023-07-26T13:45:23.348Z ::1 200 PUT /profile HTTP/1.1
2023-07-26T13:45:32.608Z ::1 200 GET /profile HTTP/1.1
2023-07-26T14:02:47.982Z ::1 404 DELETE /api/profile HTTP/1.1
2023-07-26T14:03:03.189Z ::1 404 DELETE /api/profile HTTP/1.1
2023-07-26T14:03:13.524Z ::1 403 GET /api/profile HTTP/1.1
2023-07-26T14:04:37.441Z ::1 404 POST /login HTTP/1.1
2023-07-26T14:05:14.473Z ::1 401 POST /login HTTP/1.1
2023-07-26T14:06:11.848Z ::1 401 POST /login HTTP/1.1
2023-07-26T14:07:30.012Z ::1 201 POST /register HTTP/1.1
2023-07-26T14:07:49.884Z ::1 200 POST /login HTTP/1.1
2023-07-26T14:09:12.884Z ::1 200 GET /api/profile HTTP/1.1
2023-07-26T14:10:24.845Z ::1 200 GET /api/v1/profile HTTP/1.1
2023-07-26T14:11:41.139Z ::1 200 GET /api/v1/todo-lists HTTP/1.1
2023-07-26T14:14:43.264Z ::1 500 POST /api/v1/todo-lists HTTP/1.1
2023-07-26T14:16:13.709Z ::1 500 POST /api/v1/todo-lists HTTP/1.1
2023-07-26T14:17:00.723Z ::1 500 POST /api/v1/todo-lists HTTP/1.1
2023-07-26T14:21:10.080Z ::1 500 POST /api/v1/todo-lists HTTP/1.1
2023-07-26T14:22:15.689Z ::1 500 POST /api/v1/todo-lists HTTP/1.1
2023-07-26T14:22:31.317Z ::1 500 POST /api/v1/todo-lists HTTP/1.1
2023-07-26T14:24:07.015Z ::1 201 POST /api/v1/todo-lists HTTP/1.1
2023-07-26T14:25:25.238Z ::1 201 POST /api/v1/todo-lists HTTP/1.1
2023-07-26T14:26:24.983Z ::1 201 POST /api/v1/todo-lists HTTP/1.1
2023-07-26T14:27:19.074Z ::1 200 GET /api/v1/todo-lists HTTP/1.1
2023-07-26T14:27:55.238Z ::1 500 GET /api/v1/todo-lists/:64c12c878dff33391e5dcde7 HTTP/1.1
2023-07-26T14:28:16.889Z ::1 500 GET /api/v1/todo-lists/id:64c12c878dff33391e5dcde7 HTTP/1.1
2023-07-26T14:29:14.478Z ::1 200 GET /api/v1/todo-lists/?id=64c12c878dff33391e5dcde7 HTTP/1.1
2023-07-26T14:31:40.385Z ::1 404 PUT /api/v1/todo-lists/?id=64c12c878dff33391e5dcde7 HTTP/1.1
2023-07-26T14:33:13.440Z ::1 404 PUT /api/v1/todo-list/?id=64c12c878dff33391e5dcde7 HTTP/1.1
2023-07-26T14:33:44.251Z ::1 404 PUT /api/v1/todo-lists/?id=64c12c878dff33391e5dcde7 HTTP/1.1
2023-07-26T14:38:09.719Z ::1 404 PUT /api/v1/todo-lists/update/?id=64c12c878dff33391e5dcde7 HTTP/1.1
2023-07-26T14:39:29.942Z ::1 404 DELETE /api/v1/todo-lists/?id=64c12c878dff33391e5dcde7 HTTP/1.1
2023-07-26T14:50:27.407Z ::1 404 DELETE /api/v1/todo-lists/?id=64c12c878dff33391e5dcde7 HTTP/1.1
2023-07-26T14:50:40.556Z ::1 404 PUT /api/v1/todo-lists/?id=64c12c878dff33391e5dcde7 HTTP/1.1
2023-07-26T14:50:55.918Z ::1 200 GET /api/v1/todo-lists/?id=64c12c878dff33391e5dcde7 HTTP/1.1
2023-07-26T14:51:20.533Z ::1 404 GET /api/v1/todo-list/?id=64c12c878dff33391e5dcde7 HTTP/1.1
2023-07-26T14:51:42.898Z ::1 200 GET /api/v1/todo-lists/?id=64c12c878dff33391e5dcde7 HTTP/1.1
2023-07-26T14:56:10.753Z ::1 200 GET /api/v1/todo-lists/ HTTP/1.1
2023-07-26T14:56:43.812Z ::1 200 GET /api/v1/todo-lists/?id=64c12d108dff33391e5dcdeb HTTP/1.1
2023-07-26T14:58:51.314Z ::1 200 GET /api/v1/todo-lists/?id=64c12d108dff33391e5dcdeb HTTP/1.1
2023-07-26T14:59:16.175Z ::1 200 GET /api/v1/todo-lists/?id=64c12d108dff33391e5dcdeb HTTP/1.1
2023-07-26T15:04:50.502Z ::1 404 PUT /api/v1/todo-lists/?id=64c12d108dff33391e5dcdeb HTTP/1.1
2023-07-26T15:05:28.773Z ::1 404 PUT /api/v1/todo-lists/?id=64c12d108dff33391e5dcdeb HTTP/1.1
2023-07-26T15:06:23.105Z ::1 404 PUT /api/v1/todo-lists/?id=64c12d108dff33391e5dcdeb HTTP/1.1
2023-07-26T15:08:26.943Z ::1 404 PUT /api/v1/todo-lists/?64c12d108dff33391e5dcdeb HTTP/1.1
2023-07-26T15:08:32.085Z ::1 403 PUT /api/v1/todo-lists/64c12d108dff33391e5dcdeb HTTP/1.1
2023-07-26T15:09:52.490Z ::1 404 POST /api/v1/ HTTP/1.1
2023-07-26T15:09:58.314Z ::1 200 POST /api/v1/login HTTP/1.1
2023-07-26T15:11:00.287Z ::1 500 GET /api/v1/todo-lists/64c12d108dff33391e5dcdeb HTTP/1.1
2023-07-26T15:12:26.869Z ::1 200 GET /api/v1/todo-lists/64c12d108dff33391e5dcdeb HTTP/1.1
2023-07-26T15:14:39.816Z ::1 500 PUT /api/v1/todo-lists/64c12d108dff33391e5dcdeb HTTP/1.1
2023-07-26T15:17:02.870Z ::1 200 PUT /api/v1/todo-lists/64c12d108dff33391e5dcdeb HTTP/1.1
2023-07-26T15:20:47.522Z ::1 204 DELETE /api/v1/todo-lists/64c12d108dff33391e5dcdeb HTTP/1.1
2023-07-26T15:21:08.034Z ::1 200 GET /api/v1/todo-lists/ HTTP/1.1
2023-07-26T15:26:15.472Z ::1 201 POST /api/v1/register HTTP/1.1
2023-07-26T15:26:30.456Z ::1 200 POST /api/v1/login HTTP/1.1
2023-07-26T15:28:12.309Z ::1 404 POST /api/v1/todo-lists/ HTTP/1.1
2023-07-26T15:28:59.755Z ::1 201 POST /api/v1/todo-lists/ HTTP/1.1
2023-07-26T15:29:27.545Z ::1 200 GET /api/v1/todo-lists/ HTTP/1.1
2023-07-26T15:31:43.667Z ::1 404 PUT /api/v1/todo-lists/ HTTP/1.1
2023-07-26T15:32:10.451Z ::1 200 GET /api/v1/todo-lists/ HTTP/1.1
2023-07-26T15:32:27.761Z ::1 200 PUT /api/v1/todo-lists/64c13bbbadcf360a987b93a5 HTTP/1.1
2023-07-26T17:25:16.734Z ::1 403 PUT /api/v1/todo-lists/64c13bbbadcf360a987b93a5 HTTP/1.1
2023-07-26T17:31:11.363Z ::1 200 POST /api/v1/login HTTP/1.1
2023-07-26T17:34:14.762Z ::1 200 GET /api/v1/todo-lists/64c13bbbadcf360a987b93a5 HTTP/1.1
2023-07-26T17:36:58.519Z ::1 200 GET /api/v1/todo-lists/64c13bbbadcf360a987b93a5 HTTP/1.1
2023-07-26T17:37:39.544Z ::1 200 PUT /api/v1/todo-lists/64c13bbbadcf360a987b93a5 HTTP/1.1
2023-07-26T17:38:04.094Z ::1 200 PUT /api/v1/todo-lists/64c13bbbadcf360a987b93a5 HTTP/1.1
2023-07-26T17:38:32.144Z ::1 200 PUT /api/v1/todo-lists/64c13bbbadcf360a987b93a5 HTTP/1.1
2023-07-26T17:39:42.147Z ::1 200 PUT /api/v1/todo-lists/64c13bbbadcf360a987b93a5 HTTP/1.1
2023-07-26T18:08:12.590Z ::1 404 POST /api/v1/todo-lists/64c13bbbadcf360a987b93a5/todo-items/ HTTP/1.1
2023-07-26T18:08:48.022Z ::1 200 GET /api/v1/todo-lists/ HTTP/1.1
2023-07-26T18:10:42.693Z ::1 404 POST /api/v1/todo-lists/64c13bbbadcf360a987b93a5/todo-items/ HTTP/1.1
2023-07-26T18:13:41.453Z ::1 404 POST /api/v1/todo-lists/todo-items/64c13bbbadcf360a987b93a5 HTTP/1.1
2023-07-26T18:23:40.470Z ::1 404 POST /api/v1/todo-lists/64c13bbbadcf360a987b93a5/todo-items/ HTTP/1.1
2023-07-26T18:23:57.314Z ::1 404 POST /api/v1/todo-lists/64c13bbbadcf360a987b93a5/todo-items/ HTTP/1.1
2023-07-26T18:57:28.344Z ::1 403 POST /api/v1/todo-lists/64c13bbbadcf360a987b93a5/todo-items HTTP/1.1
2023-07-26T18:58:10.532Z ::1 200 POST /api/v1/login HTTP/1.1
2023-07-26T18:58:34.632Z ::1 404 POST /api/v1/todo-lists/64c13bbbadcf360a987b93a5/todo-items HTTP/1.1
2023-07-26T18:59:23.126Z ::1 404 POST /api/v1/todo-lists/64c13bbbadcf360a987b93a5/todo-items HTTP/1.1
2023-07-26T18:59:48.602Z ::1 404 POST /api/v1/todo-lists/64c13bbbadcf360a987b93a5/todo-items HTTP/1.1
2023-07-26T19:04:51.952Z ::1 404 POST /api/v1/todo-lists/64c13bbbadcf360a987b93a5/todo-items HTTP/1.1
2023-07-26T19:08:52.810Z ::1 404 POST /api/v1/todo-lists/64c13bbbadcf360a987b93a5/todo-items HTTP/1.1
2023-07-26T19:09:05.225Z ::1 404 POST /api/v1/todo-list/64c13bbbadcf360a987b93a5/todo-items HTTP/1.1
2023-07-26T19:54:25.889Z ::1 404 POST /api/v1/todo-list/64c13bbbadcf360a987b93a5/ HTTP/1.1
2023-07-26T19:58:22.559Z ::1 404 POST /api/v1/todo-lists/64c13bbbadcf360a987b93a5/todo-items HTTP/1.1
2023-07-26T20:02:24.058Z ::1 404 POST /api/v1/todo-lists/64c13bbbadcf360a987b93a5/todo-items HTTP/1.1
2023-07-26T20:06:36.778Z ::1 403 POST /api/v1/todo-lists/64c13bbbadcf360a987b93a5/todo-items HTTP/1.1
2023-07-26T20:07:03.815Z ::1 200 POST /api/v1/login HTTP/1.1
2023-07-26T20:07:49.531Z ::1 500 POST /api/v1/todo-lists/64c13bbbadcf360a987b93a5/todo-items HTTP/1.1
2023-07-26T20:10:31.354Z ::1 201 POST /api/v1/todo-lists/64c13bbbadcf360a987b93a5/todo-items HTTP/1.1
2023-07-26T20:21:18.137Z ::1 200 GET /api/v1/todo-lists/64c13bbbadcf360a987b93a5/todo-items HTTP/1.1
2023-07-26T20:22:38.573Z ::1 201 POST /api/v1/todo-lists/64c13bbbadcf360a987b93a5/todo-items HTTP/1.1
2023-07-26T20:23:07.017Z ::1 201 POST /api/v1/todo-lists/64c13bbbadcf360a987b93a5/todo-items HTTP/1.1
2023-07-26T20:23:23.458Z ::1 201 POST /api/v1/todo-lists/64c13bbbadcf360a987b93a5/todo-items HTTP/1.1
2023-07-26T20:23:57.123Z ::1 200 GET /api/v1/todo-lists/64c13bbbadcf360a987b93a5/todo-items HTTP/1.1
2023-07-26T20:25:15.533Z ::1 404 GET /api/v1/todo-lists/64c13bbbadcf360a987b93a5/todo-items/64c180aba5fd53ed53ed1681 HTTP/1.1
2023-07-26T20:26:14.964Z ::1 500 PUT /api/v1/todo-lists/64c13bbbadcf360a987b93a5/todo-items/64c180aba5fd53ed53ed1681 HTTP/1.1
2023-07-26T20:27:31.450Z ::1 500 PUT /api/v1/todo-lists/64c13bbbadcf360a987b93a5/todo-items/64c180aba5fd53ed53ed1681 HTTP/1.1
2023-07-26T20:32:53.533Z ::1 204 DELETE /api/v1/todo-lists/64c13bbbadcf360a987b93a5/todo-items/64c180aba5fd53ed53ed1681 HTTP/1.1
2023-07-27T03:11:17.941Z ::1 404 DELETE /api/v1/login HTTP/1.1
2023-07-27T03:11:29.270Z ::1 200 POST /api/v1/login HTTP/1.1
2023-07-27T03:12:30.478Z ::1 200 GET /api/v1/todo-lists/64c13bbbadcf360a987b93a5/todo-items/ HTTP/1.1
2023-07-27T03:14:21.476Z ::1 204 DELETE /api/v1/todo-lists/64c13bbbadcf360a987b93a5/todo-items/64c1808ea5fd53ed53ed167b HTTP/1.1
2023-07-27T03:14:31.894Z ::1 404 DELETE /api/v1/todo-lists/64c13bbbadcf360a987b93a5/todo-items/ HTTP/1.1
2023-07-27T03:14:43.755Z ::1 200 GET /api/v1/todo-lists/64c13bbbadcf360a987b93a5/todo-items/ HTTP/1.1
